<?xml version="1.0" encoding="UTF-8"?>
<!-- Generated by org.testng.reporters.JUnitReportReporter -->
<testsuite hostname="LAPTOP-K4TMDRTS" failures="0" tests="3" name="qAFox.DemoTwo" time="0.011" errors="0" timestamp="2022-03-04T07:14:05 IST" skipped="0">
  <testcase classname="qAFox.DemoTwo" name="testRegistration" time="0.002"/>
  <system-out/>
  <testcase classname="qAFox.DemoTwo" name="testRegistration" time="0.006"/>
  <system-out/>
  <testcase classname="qAFox.DemoTwo" name="testRegistration" time="0.003"/>
  <system-out/>
</testsuite> <!-- qAFox.DemoTwo -->
