<?xml version="1.0" encoding="UTF-8"?>
<!-- Generated by org.testng.reporters.JUnitReportReporter -->
<testsuite hostname="LAPTOP-K4TMDRTS" failures="0" tests="1" name="qAFox.tpack.ClassThree" time="0.010" errors="0" timestamp="2022-03-05T22:05:09 IST" skipped="0">
  <testcase classname="qAFox.tpack.ClassThree" name="TestThree" time="0.010"/>
  <system-out/>
</testsuite> <!-- qAFox.tpack.ClassThree -->
