<?xml version="1.0" encoding="UTF-8"?>
<!-- Generated by org.testng.reporters.JUnitReportReporter -->
<testsuite hostname="LAPTOP-K4TMDRTS" failures="0" tests="5" name="qAFox.kpack.ClassNine" time="0.010" errors="0" timestamp="2022-03-05T22:56:11 IST" skipped="0">
  <testcase classname="qAFox.kpack.ClassNine" name="Flipkart" time="0.000"/>
  <system-out/>
  <testcase classname="qAFox.kpack.ClassNine" name="Myntra" time="0.001"/>
  <system-out/>
  <testcase classname="qAFox.kpack.ClassNine" name="Meeshoo" time="0.001"/>
  <system-out/>
  <testcase classname="qAFox.kpack.ClassNine" name="Jiomart" time="0.007"/>
  <system-out/>
  <testcase classname="qAFox.kpack.ClassNine" name="Amazon" time="0.001"/>
  <system-out/>
</testsuite> <!-- qAFox.kpack.ClassNine -->
