<?xml version="1.0" encoding="UTF-8"?>
<!-- Generated by org.testng.reporters.JUnitReportReporter -->
<testsuite hostname="LAPTOP-K4TMDRTS" failures="0" tests="3" name="qAFox.BeforeClassAndAfterClass$DemoTwo" time="0.007" errors="0" timestamp="2022-03-04T16:33:53 IST" skipped="0">
  <testcase classname="qAFox.BeforeClassAndAfterClass$DemoTwo" name="testRegistration" time="0.006"/>
  <system-out/>
  <testcase classname="qAFox.BeforeClassAndAfterClass$DemoTwo" name="testLogin" time="0.001"/>
  <system-out/>
  <testcase classname="qAFox.BeforeClassAndAfterClass$DemoTwo" name="testhomePage" time="0.000"/>
  <system-out/>
</testsuite> <!-- qAFox.BeforeClassAndAfterClass$DemoTwo -->
