<?xml version="1.0" encoding="UTF-8"?>
<!-- Generated by org.testng.reporters.JUnitReportReporter -->
<testsuite hostname="LAPTOP-K4TMDRTS" failures="0" tests="1" name="qAFox.tpack.ClassTwo" time="0.001" errors="0" timestamp="2022-03-04T19:48:31 IST" skipped="0">
  <testcase classname="qAFox.tpack.ClassTwo" name="TestTwo" time="0.001"/>
  <system-out/>
</testsuite> <!-- qAFox.tpack.ClassTwo -->
