<?xml version="1.0" encoding="UTF-8"?>
<!-- Generated by org.testng.reporters.JUnitReportReporter -->
<testsuite hostname="LAPTOP-K4TMDRTS" failures="0" tests="4" name="qAFox.kpack.ClassEight" time="0.013" errors="0" timestamp="2022-03-04T20:33:26 IST" skipped="0">
  <testcase classname="qAFox.kpack.ClassEight" name="TestEightD" time="0.000"/>
  <system-out/>
  <testcase classname="qAFox.kpack.ClassEight" name="TestEightB" time="0.002"/>
  <system-out/>
  <testcase classname="qAFox.kpack.ClassEight" name="TestEightA" time="0.010"/>
  <system-out/>
  <testcase classname="qAFox.kpack.ClassEight" name="TestEightC" time="0.001"/>
  <system-out/>
</testsuite> <!-- qAFox.kpack.ClassEight -->
