<?xml version="1.0" encoding="UTF-8"?>
<!-- Generated by org.testng.reporters.JUnitReportReporter -->
<testsuite hostname="LAPTOP-K4TMDRTS" failures="0" tests="5" name="parameterisation.ParameterisationClassLevel1" time="41.130" errors="0" timestamp="2022-03-06T09:52:18 IST" skipped="0">
  <testcase classname="parameterisation.ParameterisationClassLevel1" name="Meeshoo" time="0.000"/>
  <system-out/>
  <testcase classname="parameterisation.ParameterisationClassLevel1" name="Amazon" time="19.810"/>
  <system-out/>
  <testcase classname="parameterisation.ParameterisationClassLevel1" name="Jiomart" time="0.000"/>
  <system-out/>
  <testcase classname="parameterisation.ParameterisationClassLevel1" name="Flipkart" time="21.304"/>
  <system-out/>
  <testcase classname="parameterisation.ParameterisationClassLevel1" name="Myntra" time="0.016"/>
  <system-out/>
</testsuite> <!-- parameterisation.ParameterisationClassLevel1 -->
