<?xml version="1.0" encoding="UTF-8"?>
<!-- Generated by org.testng.reporters.JUnitReportReporter -->
<testsuite hostname="LAPTOP-K4TMDRTS" failures="0" tests="5" name="qAFox.kpack.ClassTen$ClassNine" time="0.009" errors="0" timestamp="2022-03-05T23:08:59 IST" skipped="0">
  <testcase classname="qAFox.kpack.ClassTen$ClassNine" name="Meeshoo" time="0.001"/>
  <system-out/>
  <testcase classname="qAFox.kpack.ClassTen$ClassNine" name="Amazon" time="0.000"/>
  <system-out/>
  <testcase classname="qAFox.kpack.ClassTen$ClassNine" name="Flipkart" time="0.006"/>
  <system-out/>
  <testcase classname="qAFox.kpack.ClassTen$ClassNine" name="Myntra" time="0.001"/>
  <system-out/>
  <testcase classname="qAFox.kpack.ClassTen$ClassNine" name="Jiomart" time="0.001"/>
  <system-out/>
</testsuite> <!-- qAFox.kpack.ClassTen$ClassNine -->
