<?xml version="1.0" encoding="UTF-8"?>
<!-- Generated by org.testng.reporters.JUnitReportReporter -->
<testsuite hostname="LAPTOP-K4TMDRTS" failures="0" tests="1" name="qAFox.opack.ClassFour" time="0.001" errors="0" timestamp="2022-03-05T21:41:40 IST" skipped="0">
  <testcase classname="qAFox.opack.ClassFour" name="TestFour" time="0.001"/>
  <system-out/>
</testsuite> <!-- qAFox.opack.ClassFour -->
